Arguments: 
  /usr/bin/node /usr/share/yarn/bin/yarn.js add mongoose

PATH: 
  /opt/jdk1.8.0_144/bin:/opt/apache-ant-1.10.1/bin:/bin:/opt/jdk1.8.0_144/bin:/opt/apache-ant-1.10.1/bin:/bin:/usr/local/sbin:/usr/local/bin:/usr/sbin:/usr/bin:/sbin:/bin:/usr/games:/usr/local/games

Yarn version: 
  1.16.0

Node version: 
  8.10.0

Platform: 
  linux x64

Trace: 
  Error: EACCES: permission denied, unlink '/home/s2it_ralberto/dev/node/rocketseat/backend/node_modules/.bin/atob'

npm manifest: 
  {
    "name": "backend",
    "version": "1.0.0",
    "main": "index.js",
    "license": "MIT",
    "dependencies": {
      "express": "^4.17.1"
    },
    "scripts": {
      "dev": "node src/index.js"
    }
  }

yarn manifest: 
  No manifest

Lockfile: 
  No lockfile
